0 info it worked if it ends with ok
1 verbose cli [ '/home/ubuntu/.nvm/versions/node/v4.2.1/bin/node',
1 verbose cli   '/home/ubuntu/.nvm/versions/node/v4.2.1/bin/npm',
1 verbose cli   'publish',
1 verbose cli   'git-egylet' ]
2 info using npm@2.14.7
3 info using node@v4.2.1
4 verbose publish [ 'git-egylet' ]
5 silly cache add args [ 'git-egylet', null ]
6 verbose cache add spec git-egylet
7 silly cache add parsed spec Result {
7 silly cache add   raw: 'git-egylet',
7 silly cache add   scope: null,
7 silly cache add   name: 'git-egylet',
7 silly cache add   rawSpec: '',
7 silly cache add   spec: '*',
7 silly cache add   type: 'range' }
8 silly addNamed git-egylet@*
9 verbose addNamed "*" is a valid semver range for git-egylet
10 silly addNameRange { name: 'git-egylet', range: '*', hasData: false }
11 silly mapToRegistry name git-egylet
12 silly mapToRegistry using default registry
13 silly mapToRegistry registry https://registry.npmjs.org/
14 silly mapToRegistry uri https://registry.npmjs.org/git-egylet
15 verbose addNameRange registry:https://registry.npmjs.org/git-egylet not in flight; fetching
16 verbose request uri https://registry.npmjs.org/git-egylet
17 verbose request no auth needed
18 info attempt registry request try #1 at 12:22:38 PM
19 verbose request using bearer token for auth
20 verbose request id 92c4d228a6ef9b5d
21 http request GET https://registry.npmjs.org/git-egylet
22 http 404 https://registry.npmjs.org/git-egylet
23 verbose headers { 'content-type': 'application/json',
23 verbose headers   'cache-control': 'max-age=0',
23 verbose headers   'content-length': '2',
23 verbose headers   'accept-ranges': 'bytes',
23 verbose headers   date: 'Fri, 06 Nov 2015 12:22:39 GMT',
23 verbose headers   via: '1.1 varnish',
23 verbose headers   connection: 'keep-alive',
23 verbose headers   'x-served-by': 'cache-lhr6326-LHR',
23 verbose headers   'x-cache': 'MISS',
23 verbose headers   'x-cache-hits': '0',
23 verbose headers   'x-timer': 'S1446812558.953764,VS0,VE94' }
24 silly get cb [ 404,
24 silly get   { 'content-type': 'application/json',
24 silly get     'cache-control': 'max-age=0',
24 silly get     'content-length': '2',
24 silly get     'accept-ranges': 'bytes',
24 silly get     date: 'Fri, 06 Nov 2015 12:22:39 GMT',
24 silly get     via: '1.1 varnish',
24 silly get     connection: 'keep-alive',
24 silly get     'x-served-by': 'cache-lhr6326-LHR',
24 silly get     'x-cache': 'MISS',
24 silly get     'x-cache-hits': '0',
24 silly get     'x-timer': 'S1446812558.953764,VS0,VE94' } ]
25 verbose stack Error: Registry returned 404 for GET on https://registry.npmjs.org/git-egylet
25 verbose stack     at makeError (/home/ubuntu/.nvm/versions/node/v4.2.1/lib/node_modules/npm/node_modules/npm-registry-client/lib/request.js:264:12)
25 verbose stack     at CachingRegistryClient.<anonymous> (/home/ubuntu/.nvm/versions/node/v4.2.1/lib/node_modules/npm/node_modules/npm-registry-client/lib/request.js:242:14)
25 verbose stack     at Request._callback (/home/ubuntu/.nvm/versions/node/v4.2.1/lib/node_modules/npm/node_modules/npm-registry-client/lib/request.js:172:14)
25 verbose stack     at Request.self.callback (/home/ubuntu/.nvm/versions/node/v4.2.1/lib/node_modules/npm/node_modules/request/request.js:198:22)
25 verbose stack     at emitTwo (events.js:87:13)
25 verbose stack     at Request.emit (events.js:172:7)
25 verbose stack     at Request.<anonymous> (/home/ubuntu/.nvm/versions/node/v4.2.1/lib/node_modules/npm/node_modules/request/request.js:1063:14)
25 verbose stack     at emitOne (events.js:82:20)
25 verbose stack     at Request.emit (events.js:169:7)
25 verbose stack     at IncomingMessage.<anonymous> (/home/ubuntu/.nvm/versions/node/v4.2.1/lib/node_modules/npm/node_modules/request/request.js:1009:12)
26 verbose statusCode 404
27 verbose pkgid git-egylet
28 verbose cwd /home/ubuntu/workspace
29 error Linux 4.2.0-c9
30 error argv "/home/ubuntu/.nvm/versions/node/v4.2.1/bin/node" "/home/ubuntu/.nvm/versions/node/v4.2.1/bin/npm" "publish" "git-egylet"
31 error node v4.2.1
32 error npm  v2.14.7
33 error code E404
34 error 404 Registry returned 404 for GET on https://registry.npmjs.org/git-egylet
34 error 404
34 error 404 'git-egylet' is not in the npm registry.
34 error 404 You should bug the author to publish it (or use the name yourself!)
34 error 404
34 error 404 Note that you can also install from a
34 error 404 tarball, folder, http url, or git url.
35 verbose exit [ 1, true ]
